[  4%] Building CXX object CMakeFiles/cuda_girth_core.dir/src/host/csr_builder.cpp.o
[  8%] Building CXX object CMakeFiles/cuda_girth_core.dir/src/host/bfs_state.cpp.o
[ 12%] Building CXX object CMakeFiles/cuda_girth_core.dir/src/host/girth_engine.cpp.o
[ 16%] Building CXX object CMakeFiles/cuda_girth_core.dir/src/host/batch_engine.cpp.o
[ 20%] Building CUDA object CMakeFiles/cuda_girth_core.dir/src/kernel/bfs_level.cu.o
[ 24%] Building CXX object CMakeFiles/cuda_girth_core.dir/src/host/graph_io.cpp.o
[ 28%] Building CXX object _deps/googletest-build/googletest/CMakeFiles/gtest.dir/src/gtest-all.cc.o
[ 32%] Building CUDA object CMakeFiles/cuda_girth_core.dir/src/kernel/frontier_ops.cu.o
[ 36%] Building CUDA object CMakeFiles/cuda_girth_core.dir/src/kernel/reduce_girth.cu.o
In file included from /cugrith/cuda-girth/include/cuda_girth/girth_engine.h:3,
                 from /cugrith/cuda-girth/src/host/batch_engine.cpp:12:
/cugrith/cuda-girth/include/cuda_girth/csr_graph.h:28:5: error: ‘__host__’ does not name a type
   28 |     __host__ __device__ inline int32_t degree(int32_t v) const {
      |     ^~~~~~~~
/cugrith/cuda-girth/include/cuda_girth/csr_graph.h:33:5: error: ‘__host__’ does not name a type
   33 |     __host__ __device__ inline int32_t begin(int32_t v) const {
      |     ^~~~~~~~
In file included from /cugrith/cuda-girth/include/cuda_girth/girth_engine.h:3,
                 from /cugrith/cuda-girth/src/host/girth_engine.cpp:22:
/cugrith/cuda-girth/include/cuda_girth/csr_graph.h:28:5: error: ‘__host__’ does not name a type
   28 |     __host__ __device__ inline int32_t degree(int32_t v) const {
      |     ^~~~~~~~
/cugrith/cuda-girth/include/cuda_girth/csr_graph.h:38:5: error: ‘__host__’ does not name a type
   38 |     __host__ __device__ inline int32_t end(int32_t v) const {
      |     ^~~~~~~~
/cugrith/cuda-girth/include/cuda_girth/csr_graph.h:33:5: error: ‘__host__’ does not name a type
   33 |     __host__ __device__ inline int32_t begin(int32_t v) const {
      |     ^~~~~~~~
/cugrith/cuda-girth/include/cuda_girth/csr_graph.h:38:5: error: ‘__host__’ does not name a type
   38 |     __host__ __device__ inline int32_t end(int32_t v) const {
      |     ^~~~~~~~
In file included from /cugrith/cuda-girth/src/host/graph_io.cpp:5:
/cugrith/cuda-girth/include/cuda_girth/csr_graph.h:28:5: error: ‘__host__’ does not name a type
   28 |     __host__ __device__ inline int32_t degree(int32_t v) const {
      |     ^~~~~~~~
/cugrith/cuda-girth/include/cuda_girth/csr_graph.h:33:5: error: ‘__host__’ does not name a type
   33 |     __host__ __device__ inline int32_t begin(int32_t v) const {
      |     ^~~~~~~~
/cugrith/cuda-girth/include/cuda_girth/csr_graph.h:38:5: error: ‘__host__’ does not name a type
   38 |     __host__ __device__ inline int32_t end(int32_t v) const {
      |     ^~~~~~~~
In file included from /cugrith/cuda-girth/include/cuda_girth/bfs_state.h:3,
                 from /cugrith/cuda-girth/src/host/bfs_state.cpp:1:
/cugrith/cuda-girth/include/cuda_girth/csr_graph.h:28:5: error: ‘__host__’ does not name a type
   28 |     __host__ __device__ inline int32_t degree(int32_t v) const {
      |     ^~~~~~~~
/cugrith/cuda-girth/src/host/graph_io.cpp: In function ‘void cuda_girth::write_csr_text(const cuda_girth::CsrGraph&, const string&)’:
/cugrith/cuda-girth/src/host/graph_io.cpp:41:32: error: ‘const struct cuda_girth::CsrGraph’ has no member named ‘begin’
   41 |         for (int32_t e = graph.begin(v); e < graph.end(v); ++e) {
      |                                ^~~~~
/cugrith/cuda-girth/src/host/graph_io.cpp:41:52: error: ‘const struct cuda_girth::CsrGraph’ has no member named ‘end’
   41 |         for (int32_t e = graph.begin(v); e < graph.end(v); ++e) {
      |                                                    ^~~
/cugrith/cuda-girth/include/cuda_girth/csr_graph.h:33:5: error: ‘__host__’ does not name a type
   33 |     __host__ __device__ inline int32_t begin(int32_t v) const {
      |     ^~~~~~~~
/cugrith/cuda-girth/include/cuda_girth/csr_graph.h:38:5: error: ‘__host__’ does not name a type
   38 |     __host__ __device__ inline int32_t end(int32_t v) const {
      |     ^~~~~~~~
In file included from /cugrith/cuda-girth/src/host/csr_builder.cpp:1:
/cugrith/cuda-girth/include/cuda_girth/csr_graph.h:28:5: error: ‘__host__’ does not name a type
   28 |     __host__ __device__ inline int32_t degree(int32_t v) const {
      |     ^~~~~~~~
/cugrith/cuda-girth/include/cuda_girth/csr_graph.h:33:5: error: ‘__host__’ does not name a type
   33 |     __host__ __device__ inline int32_t begin(int32_t v) const {
      |     ^~~~~~~~
/cugrith/cuda-girth/include/cuda_girth/csr_graph.h:38:5: error: ‘__host__’ does not name a type
   38 |     __host__ __device__ inline int32_t end(int32_t v) const {
      |     ^~~~~~~~
gmake[2]: *** [CMakeFiles/cuda_girth_core.dir/build.make:104: CMakeFiles/cuda_girth_core.dir/src/host/graph_io.cpp.o] Error 1
gmake[2]: *** Waiting for unfinished jobs....
In file included from /usr/local/cuda-12.8/include/builtin_types.h:59,
                 from /usr/local/cuda-12.8/include/cuda_runtime.h:90,
                 from /cugrith/cuda-girth/include/cuda_girth/timer.h:6,
                 from /cugrith/cuda-girth/src/host/batch_engine.cpp:14:
/usr/local/cuda-12.8/include/driver_types.h:3032:48: error: conflicting declaration ‘typedef struct CUstream_st* cudaStream_t’
 3032 | typedef __device_builtin__ struct CUstream_st *cudaStream_t;
      |                                                ^~~~~~~~~~~~
In file included from /cugrith/cuda-girth/include/cuda_girth/timer.h:5,
                 from /cugrith/cuda-girth/src/host/batch_engine.cpp:14:
/cugrith/cuda-girth/include/cuda_girth/portability.h:10:11: note: previous declaration as ‘using cudaStream_t = void*’
   10 |     using cudaStream_t = void*;
      |           ^~~~~~~~~~~~
In file included from /usr/local/cuda-12.8/include/builtin_types.h:59,
                 from /usr/local/cuda-12.8/include/cuda_runtime.h:90,
                 from /cugrith/cuda-girth/include/cuda_girth/timer.h:6,
                 from /cugrith/cuda-girth/src/host/batch_engine.cpp:14:
/usr/local/cuda-12.8/include/driver_types.h:3037:47: error: conflicting declaration ‘typedef struct CUevent_st* cudaEvent_t’
 3037 | typedef __device_builtin__ struct CUevent_st *cudaEvent_t;
      |                                               ^~~~~~~~~~~
In file included from /cugrith/cuda-girth/include/cuda_girth/timer.h:5,
                 from /cugrith/cuda-girth/src/host/batch_engine.cpp:14:
/cugrith/cuda-girth/include/cuda_girth/portability.h:11:11: note: previous declaration as ‘using cudaEvent_t = void*’
   11 |     using cudaEvent_t  = void*;
      |           ^~~~~~~~~~~
In file included from /usr/local/cuda-12.8/include/builtin_types.h:59,
                 from /usr/local/cuda-12.8/include/cuda_runtime.h:90,
                 from /cugrith/cuda-girth/include/cuda_girth/timer.h:6,
                 from /cugrith/cuda-girth/src/host/girth_engine.cpp:24:
/usr/local/cuda-12.8/include/driver_types.h:3032:48: error: conflicting declaration ‘typedef struct CUstream_st* cudaStream_t’
 3032 | typedef __device_builtin__ struct CUstream_st *cudaStream_t;
      |                                                ^~~~~~~~~~~~
In file included from /cugrith/cuda-girth/include/cuda_girth/timer.h:5,
                 from /cugrith/cuda-girth/src/host/girth_engine.cpp:24:
/cugrith/cuda-girth/include/cuda_girth/portability.h:10:11: note: previous declaration as ‘using cudaStream_t = void*’
   10 |     using cudaStream_t = void*;
      |           ^~~~~~~~~~~~
In file included from /usr/local/cuda-12.8/include/builtin_types.h:59,
                 from /usr/local/cuda-12.8/include/cuda_runtime.h:90,
                 from /cugrith/cuda-girth/include/cuda_girth/timer.h:6,
                 from /cugrith/cuda-girth/src/host/girth_engine.cpp:24:
/usr/local/cuda-12.8/include/driver_types.h:3037:47: error: conflicting declaration ‘typedef struct CUevent_st* cudaEvent_t’
 3037 | typedef __device_builtin__ struct CUevent_st *cudaEvent_t;
      |                                               ^~~~~~~~~~~
In file included from /cugrith/cuda-girth/include/cuda_girth/timer.h:5,
                 from /cugrith/cuda-girth/src/host/girth_engine.cpp:24:
/cugrith/cuda-girth/include/cuda_girth/portability.h:11:11: note: previous declaration as ‘using cudaEvent_t = void*’
   11 |     using cudaEvent_t  = void*;
      |           ^~~~~~~~~~~
In file included from /usr/local/cuda-12.8/include/builtin_types.h:59,
                 from /usr/local/cuda-12.8/include/cuda_runtime.h:90,
                 from /cugrith/cuda-girth/include/cuda_girth/timer.h:6,
                 from /cugrith/cuda-girth/src/host/bfs_state.cpp:2:
/usr/local/cuda-12.8/include/driver_types.h:3032:48: error: conflicting declaration ‘typedef struct CUstream_st* cudaStream_t’
 3032 | typedef __device_builtin__ struct CUstream_st *cudaStream_t;
      |                                                ^~~~~~~~~~~~
In file included from /cugrith/cuda-girth/include/cuda_girth/timer.h:5,
                 from /cugrith/cuda-girth/src/host/bfs_state.cpp:2:
/cugrith/cuda-girth/include/cuda_girth/portability.h:10:11: note: previous declaration as ‘using cudaStream_t = void*’
   10 |     using cudaStream_t = void*;
      |           ^~~~~~~~~~~~
In file included from /usr/local/cuda-12.8/include/builtin_types.h:59,
                 from /usr/local/cuda-12.8/include/cuda_runtime.h:90,
                 from /cugrith/cuda-girth/include/cuda_girth/timer.h:6,
                 from /cugrith/cuda-girth/src/host/bfs_state.cpp:2:
/usr/local/cuda-12.8/include/driver_types.h:3037:47: error: conflicting declaration ‘typedef struct CUevent_st* cudaEvent_t’
 3037 | typedef __device_builtin__ struct CUevent_st *cudaEvent_t;
      |                                               ^~~~~~~~~~~
In file included from /cugrith/cuda-girth/include/cuda_girth/timer.h:5,
                 from /cugrith/cuda-girth/src/host/bfs_state.cpp:2:
/cugrith/cuda-girth/include/cuda_girth/portability.h:11:11: note: previous declaration as ‘using cudaEvent_t = void*’
   11 |     using cudaEvent_t  = void*;
      |           ^~~~~~~~~~~
In file included from /usr/local/cuda-12.8/include/builtin_types.h:59,
                 from /usr/local/cuda-12.8/include/cuda_runtime.h:90,
                 from /cugrith/cuda-girth/include/cuda_girth/timer.h:6,
                 from /cugrith/cuda-girth/src/host/csr_builder.cpp:2:
/usr/local/cuda-12.8/include/driver_types.h:3032:48: error: conflicting declaration ‘typedef struct CUstream_st* cudaStream_t’
 3032 | typedef __device_builtin__ struct CUstream_st *cudaStream_t;
      |                                                ^~~~~~~~~~~~
In file included from /cugrith/cuda-girth/include/cuda_girth/timer.h:5,
                 from /cugrith/cuda-girth/src/host/csr_builder.cpp:2:
/cugrith/cuda-girth/include/cuda_girth/portability.h:10:11: note: previous declaration as ‘using cudaStream_t = void*’
   10 |     using cudaStream_t = void*;
      |           ^~~~~~~~~~~~
In file included from /usr/local/cuda-12.8/include/builtin_types.h:59,
                 from /usr/local/cuda-12.8/include/cuda_runtime.h:90,
                 from /cugrith/cuda-girth/include/cuda_girth/timer.h:6,
                 from /cugrith/cuda-girth/src/host/csr_builder.cpp:2:
/usr/local/cuda-12.8/include/driver_types.h:3037:47: error: conflicting declaration ‘typedef struct CUevent_st* cudaEvent_t’
 3037 | typedef __device_builtin__ struct CUevent_st *cudaEvent_t;
      |                                               ^~~~~~~~~~~
In file included from /cugrith/cuda-girth/include/cuda_girth/timer.h:5,
                 from /cugrith/cuda-girth/src/host/csr_builder.cpp:2:
/cugrith/cuda-girth/include/cuda_girth/portability.h:11:11: note: previous declaration as ‘using cudaEvent_t = void*’
   11 |     using cudaEvent_t  = void*;
      |           ^~~~~~~~~~~
gmake[2]: *** [CMakeFiles/cuda_girth_core.dir/build.make:90: CMakeFiles/cuda_girth_core.dir/src/host/bfs_state.cpp.o] Error 1
gmake[2]: *** [CMakeFiles/cuda_girth_core.dir/build.make:118: CMakeFiles/cuda_girth_core.dir/src/host/girth_engine.cpp.o] Error 1
gmake[2]: *** [CMakeFiles/cuda_girth_core.dir/build.make:132: CMakeFiles/cuda_girth_core.dir/src/host/batch_engine.cpp.o] Error 1
gmake[2]: *** [CMakeFiles/cuda_girth_core.dir/build.make:76: CMakeFiles/cuda_girth_core.dir/src/host/csr_builder.cpp.o] Error 1
/cugrith/cuda-girth/src/kernel/bfs_level.cu(73): error: class "cooperative_groups::__v1::thread_block_tile<32U, cooperative_groups::__v1::thread_block>" has no member "reduce"
      int warp_best = warp.reduce(local_best, cg::less<int>());
                           ^

/cugrith/cuda-girth/src/kernel/bfs_level.cu(73): error: namespace "cooperative_groups" has no member "less"
      int warp_best = warp.reduce(local_best, cg::less<int>());
                                                  ^

/cugrith/cuda-girth/src/kernel/bfs_level.cu(73): error: type name is not allowed
      int warp_best = warp.reduce(local_best, cg::less<int>());
                                                       ^

/cugrith/cuda-girth/src/kernel/bfs_level.cu(73): error: expected an expression
      int warp_best = warp.reduce(local_best, cg::less<int>());
                                                            ^

/cugrith/cuda-girth/src/kernel/bfs_level.cu(144): error: class "cooperative_groups::__v1::thread_block_tile<32U, cooperative_groups::__v1::thread_block>" has no member "reduce"
      int warp_best = warp.reduce(local_best, cg::less<int>());
                           ^

/cugrith/cuda-girth/src/kernel/bfs_level.cu(144): error: namespace "cooperative_groups" has no member "less"
      int warp_best = warp.reduce(local_best, cg::less<int>());
                                                  ^

/cugrith/cuda-girth/src/kernel/bfs_level.cu(144): error: type name is not allowed
      int warp_best = warp.reduce(local_best, cg::less<int>());
                                                       ^

/cugrith/cuda-girth/src/kernel/bfs_level.cu(144): error: expected an expression
      int warp_best = warp.reduce(local_best, cg::less<int>());
                                                            ^

/cugrith/cuda-girth/src/kernel/bfs_level.cu(172): error: function "cuda_girth::CsrGraph::CsrGraph(const cuda_girth::CsrGraph &)" (declared at line 24 of /cugrith/cuda-girth/include/cuda_girth/csr_graph.h) cannot be referenced -- it is a deleted function
          graph,
          ^

/cugrith/cuda-girth/src/kernel/bfs_level.cu(202): error: function "cuda_girth::CsrGraph::CsrGraph(const cuda_girth::CsrGraph &)" (declared at line 24 of /cugrith/cuda-girth/include/cuda_girth/csr_graph.h) cannot be referenced -- it is a deleted function
          graph,
          ^

10 errors detected in the compilation of "/cugrith/cuda-girth/src/kernel/bfs_level.cu".
gmake[2]: *** [CMakeFiles/cuda_girth_core.dir/build.make:146: CMakeFiles/cuda_girth_core.dir/src/kernel/bfs_level.cu.o] Error 2
gmake[1]: *** [CMakeFiles/Makefile2:144: CMakeFiles/cuda_girth_core.dir/all] Error 2
gmake[1]: *** Waiting for unfinished jobs....
[ 40%] Linking CXX static library ../../../lib/libgtest.a
[ 40%] Built target gtest
gmake: *** [Makefile:146: all] Error 2

Command exited with code 2